lead-crawl-cblc/MobileLinkedInCrawler/app/build/intermediates/manifest_merge_blame_file/debug/manifest-merger-blame-debug-report.txt
1<?xml version="1.0" encoding="utf-8"?>
2<manifest xmlns:android="http://schemas.android.com/apk/res/android"
3    package="com.example.webload"
4    android:versionCode="1"
5    android:versionName="1.0" >
6
7    <uses-sdk
8        android:minSdkVersion="21"
8-->src/main/AndroidManifest.xml
9        android:targetSdkVersion="29" />
9-->src/main/AndroidManifest.xml
10
11    <uses-permission android:name="android.permission.INTERNET" />
11-->src/main/AndroidManifest.xml:33:5-67
11-->src/main/AndroidManifest.xml:33:22-64
12    <uses-permission android:name="android.permission.READ_EXTERNAL_STORAGE" />
12-->src/main/AndroidManifest.xml:34:5-80
12-->src/main/AndroidManifest.xml:34:22-77
13    <uses-permission android:name="android.permission.WRITE_EXTERNAL_STORAGE" />
13-->src/main/AndroidManifest.xml:35:5-81
13-->src/main/AndroidManifest.xml:35:22-78
14    <uses-permission android:name="android.permission.ACCESS_WIFI_STATE" />
14-->src/main/AndroidManifest.xml:36:5-76
14-->src/main/AndroidManifest.xml:36:22-73
15    <uses-permission android:name="android.permission.CHANGE_WIFI_STATE" />
15-->src/main/AndroidManifest.xml:37:5-76
15-->src/main/AndroidManifest.xml:37:22-73
16    <uses-permission android:name="android.permission.CHANGE_NETWORK_STATE" />
16-->src/main/AndroidManifest.xml:38:5-79
16-->src/main/AndroidManifest.xml:38:22-76
17    <uses-permission android:name="android.permission.ACCESS_NETWORK_STATE" />
17-->src/main/AndroidManifest.xml:39:5-79
17-->src/main/AndroidManifest.xml:39:22-76
18    <uses-permission android:name="android.permission.WRITE_SETTINGS" />
18-->src/main/AndroidManifest.xml:40:5-42:47
18-->src/main/AndroidManifest.xml:41:9-57
19    <uses-permission android:name="android.permission.WRITE_SECURE_SETTINGS" />
19-->src/main/AndroidManifest.xml:44:5-46:47
19-->src/main/AndroidManifest.xml:45:9-64
20
21    <application
21-->src/main/AndroidManifest.xml:6:5-32:19
22        android:name="com.example.webload.App"
22-->src/main/AndroidManifest.xml:7:9-28
23        android:allowBackup="true"
23-->src/main/AndroidManifest.xml:8:9-35
24        android:appComponentFactory="androidx.core.app.CoreComponentFactory"
24-->[androidx.core:core:1.1.0] AndroidManifest.xml:24:18-86
25        android:debuggable="true"
26        android:icon="@mipmap/ic_launcher"
26-->src/main/AndroidManifest.xml:9:9-43
27        android:label="@string/app_name"
27-->src/main/AndroidManifest.xml:10:9-41
28        android:roundIcon="@mipmap/ic_launcher_round"
28-->src/main/AndroidManifest.xml:11:9-54
29        android:supportsRtl="true"
29-->src/main/AndroidManifest.xml:12:9-35
30        android:theme="@style/AppTheme"
30-->src/main/AndroidManifest.xml:13:9-40
31        android:usesCleartextTraffic="true" >
31-->src/main/AndroidManifest.xml:14:9-44
32        <activity android:name="com.example.webload.TestNew" />
32-->src/main/AndroidManifest.xml:15:9-54
32-->src/main/AndroidManifest.xml:15:19-42
33        <activity android:name="com.example.webload.TestMain" />
33-->src/main/AndroidManifest.xml:16:9-46
33-->src/main/AndroidManifest.xml:16:19-43
34        <activity android:name="com.example.webload.TestActivity" />
34-->src/main/AndroidManifest.xml:17:9-50
34-->src/main/AndroidManifest.xml:17:19-47
35        <activity android:name="com.example.webload.NewActivity" />
35-->src/main/AndroidManifest.xml:18:9-49
35-->src/main/AndroidManifest.xml:18:19-46
36        <activity android:name="com.example.webload.UploadDataActivity" />
36-->src/main/AndroidManifest.xml:19:9-56
36-->src/main/AndroidManifest.xml:19:19-53
37        <activity android:name="com.example.webload.GetPayloadActivity" />
37-->src/main/AndroidManifest.xml:20:9-56
37-->src/main/AndroidManifest.xml:20:19-53
38        <activity android:name="com.example.webload.IntermediateActivity" >
38-->src/main/AndroidManifest.xml:21:9-27:20
38-->src/main/AndroidManifest.xml:21:19-55
39            <intent-filter>
39-->src/main/AndroidManifest.xml:22:13-26:29
40                <action android:name="android.intent.action.MAIN" />
40-->src/main/AndroidManifest.xml:23:17-69
40-->src/main/AndroidManifest.xml:23:25-66
41
42                <category android:name="android.intent.category.LAUNCHER" />
42-->src/main/AndroidManifest.xml:25:17-77
42-->src/main/AndroidManifest.xml:25:27-74
43            </intent-filter>
44        </activity>
45        <activity android:name="com.example.webload.BrowserActivity" />
45-->src/main/AndroidManifest.xml:28:9-53
45-->src/main/AndroidManifest.xml:28:19-50
46        <activity android:name="com.example.webload.MainActivity" />
46-->src/main/AndroidManifest.xml:29:9-50
46-->src/main/AndroidManifest.xml:29:19-47
47    </application>
48
49</manifest>